<?xml version="1.0" encoding="UTF-8" ?>
<testsuite errors="0" failures="0" hostname="Cherry-Laptop" name="edu.zju.sc.aoot.hw1.TestDie" tests="9" time="0.072" timestamp="2011-09-13T16:41:12">
  <properties>
[...]
</properties>
  <testcase classname="edu.zju.sc.aoot.hw1.TestDie" name="testConstructorNoArgs" time="0.0040" />
  <testcase classname="edu.zju.sc.aoot.hw1.TestDie" name="testConstructorWithArgs" time="0.0" />
  <testcase classname="edu.zju.sc.aoot.hw1.TestDie" name="testConstructorWithIllArgs" time="0.0" />
  <testcase classname="edu.zju.sc.aoot.hw1.TestDie" name="testRollDef" time="0.0" />
  <testcase classname="edu.zju.sc.aoot.hw1.TestDie" name="testRollSep" time="0.0010" />
  <testcase classname="edu.zju.sc.aoot.hw1.TestDie" name="testRollRand" time="0.0" />
  <testcase classname="edu.zju.sc.aoot.hw1.TestDie" name="testTopFaceDef" time="0.0" />
  <testcase classname="edu.zju.sc.aoot.hw1.TestDie" name="testTopFaceSep" time="0.0010" />
  <testcase classname="edu.zju.sc.aoot.hw1.TestDie" name="testTopFaceRand" time="0.0" />
  <system-out><![CDATA[]]></system-out>
  <system-err><![CDATA[]]></system-err>
</testsuite>
